<?xml version="1.0" encoding="UTF-8"?>
<Site BuildName="(empty)"
	BuildStamp="20230913-0715-Experimental"
	Name="(empty)"
	Generator="ctest-3.27.1"
	CompilerName=""
	CompilerVersion=""
	OSName="macOS"
	Hostname="alice.local"
	OSRelease="12.4"
	OSVersion="21F79"
	OSPlatform="x86_64"
	Is64Bits="1"
	VendorString="GenuineIntel"
	VendorID="Intel Corporation"
	FamilyID="6"
	ModelID="158"
	ProcessorCacheSize="32768"
	NumberOfLogicalCPU="12"
	NumberOfPhysicalCPU="6"
	TotalVirtualMemory="3072"
	TotalPhysicalMemory="16384"
	LogicalProcessorsPerPhysical="8"
	ProcessorClockFrequency="2600"
	>
	<Testing>
		<StartDateTime>Sep 13 16:15 KST</StartDateTime>
		<StartTestTime>1694589307</StartTestTime>
		<TestList/>
		<EndDateTime>Sep 13 16:15 KST</EndDateTime>
		<EndTestTime>1694589307</EndTestTime>
		<ElapsedMinutes>0</ElapsedMinutes>
	</Testing>
</Site>
